<?xml version="1.0" encoding="UTF-8"?>
<!-- Generated by org.testng.reporters.JUnitReportReporter -->
<testsuite hostname="LAPTOP-I1DT4VLJ" failures="0" tests="1" name="com.united.runner_test.RunnerTest" time="8.403" errors="0" timestamp="2021-12-14T10:33:54 EST" skipped="0">
  <testcase classname="com.united.runner_test.RunnerTest" name="runScenario" time="8.403"/>
  <system-out/>
</testsuite> <!-- com.united.runner_test.RunnerTest -->
